<testsuite name="APP3-SSDLC" tests="25" failures="2" errors="0" skipped="1" timestamp="2025-10-28T14:14:00Z">
  <testcase classname="contract.fhir" name="patient-search" time="0.38"/>
  <testcase classname="contract.fhir" name="patient-create" time="0.52"/>
  <testcase classname="authz" name="patient-denied" time="0.08"/>
  <testcase classname="idempotency" name="audit-append" time="0.12"/>
  <testcase classname="idempotency" name="patient-create-replay" time="0.22"/>
  <testcase classname="performance" name="surge" time="600">
    <failure message="p95 490ms">Exceeded 480ms target during surge</failure>
  </testcase>
  <testcase classname="chaos" name="region-outage" time="780"/>
  <testcase classname="chaos" name="broker-failover" time="360"/>
  <testcase classname="chaos" name="disk-full" time="420">
    <failure message="throttling 7m">Cosmos autoscale capped for 7 minutes</failure>
  </testcase>
  <testcase classname="partner" name="emr-timeout" time="0.15" status="skipped">
    <skipped message="Timeout simulation executed offline"/>
  </testcase>
</testsuite>
