<testsuite name="APP1-SSDLC" tests="24" failures="2" errors="0" skipped="1" timestamp="2025-10-28T13:15:00Z">
  <testcase classname="contract.quote" name="create-quote-positive" time="0.43"/>
  <testcase classname="contract.quote" name="create-quote-negative" time="0.31"/>
  <testcase classname="contract.claim" name="submit-claim" time="0.27"/>
  <testcase classname="authz" name="underwriter-approve" time="0.11"/>
  <testcase classname="authz" name="broker-approve-deny" time="0.09">
    <failure message="Expected 403 got 200">Policy enforcement missing on staging cluster</failure>
  </testcase>
  <testcase classname="idempotency" name="quote-replay" time="0.05"/>
  <testcase classname="idempotency" name="audit-ledger" time="0.07"/>
  <testcase classname="perf" name="baseline" time="180">
    <failure message="p95 exceeded">Observed p95=520ms vs SLO 500ms</failure>
  </testcase>
  <testcase classname="chaos" name="pod-kill" time="300"/>
  <testcase classname="chaos" name="az-failure" time="720"/>
  <testcase classname="chaos" name="disk-full" time="420"/>
  <testcase classname="webhook" name="partner-429" time="0.15" status="skipped">
    <skipped message="Partner simulation executed for APP2 only"/>
  </testcase>
</testsuite>
