<testsuite name="APP2-SSDLC" tests="22" failures="3" errors="0" skipped="0" timestamp="2025-10-28T13:47:00Z">
  <testcase classname="contract.graphql" name="offerFeed-happy" time="0.40"/>
  <testcase classname="contract.graphql" name="offerFeed-invalid" time="0.32">
    <failure message="429 not handled">Missing exponential backoff header</failure>
  </testcase>
  <testcase classname="webhook" name="valid-signature" time="0.21"/>
  <testcase classname="webhook" name="invalid-signature" time="0.19"/>
  <testcase classname="authz" name="viewer-blocked-webhook" time="0.07"/>
  <testcase classname="performance" name="spike" time="360">
    <failure message="p95 460ms">Exceeded threshold for 2 minutes</failure>
  </testcase>
  <testcase classname="chaos" name="queue-throttle" time="420">
    <failure message="dlq entries detected">5 messages moved to DLQ</failure>
  </testcase>
  <testcase classname="chaos" name="network-partition" time="300"/>
</testsuite>
